2.13.0
x shape: (256,), t shape: (100,), usol shape: (100, 256)
It: 99, Train Loss: 1.088e-01, Time: 2.04
It: 199, Train Loss: 1.021e-01, Time: 1.62
It: 299, Train Loss: 8.710e-02, Time: 1.62
It: 399, Train Loss: 7.701e-02, Time: 1.60
It: 499, Train Loss: 1.113e-01, Time: 1.57
It: 599, Train Loss: 6.621e-02, Time: 1.60
It: 699, Train Loss: 6.344e-02, Time: 1.58
It: 799, Train Loss: 6.155e-02, Time: 1.60
It: 899, Train Loss: 6.014e-02, Time: 1.62
It: 999, Train Loss: 5.916e-02, Time: 1.59
It: 1099, Train Loss: 5.837e-02, Time: 1.58
It: 1199, Train Loss: 5.739e-02, Time: 1.61
It: 1299, Train Loss: 5.672e-02, Time: 1.58
It: 1399, Train Loss: 5.580e-02, Time: 1.59
It: 1499, Train Loss: 5.539e-02, Time: 1.59
It: 1599, Train Loss: 5.452e-02, Time: 1.59
It: 1699, Train Loss: 5.381e-02, Time: 1.59
It: 1799, Train Loss: 5.326e-02, Time: 1.59
It: 1899, Train Loss: 5.838e-02, Time: 1.59
It: 1999, Train Loss: 5.399e-02, Time: 1.60
It: 2099, Train Loss: 5.206e-02, Time: 1.59
It: 2199, Train Loss: 4.997e-02, Time: 1.58
It: 2299, Train Loss: 4.977e-02, Time: 1.59
It: 2399, Train Loss: 4.869e-02, Time: 1.59
It: 2499, Train Loss: 4.808e-02, Time: 1.59
It: 2599, Train Loss: 4.926e-02, Time: 1.59
It: 2699, Train Loss: 4.682e-02, Time: 1.59
It: 2799, Train Loss: 4.628e-02, Time: 1.59
It: 2899, Train Loss: 4.568e-02, Time: 1.60
It: 2999, Train Loss: 4.504e-02, Time: 1.80
It: 3099, Train Loss: 4.408e-02, Time: 1.61
It: 3199, Train Loss: 4.307e-02, Time: 1.59
It: 3299, Train Loss: 4.099e-02, Time: 1.59
It: 3399, Train Loss: 3.861e-02, Time: 1.59
It: 3499, Train Loss: 3.724e-02, Time: 1.59
It: 3599, Train Loss: 3.534e-02, Time: 1.61
It: 3699, Train Loss: 3.321e-02, Time: 1.62
It: 3799, Train Loss: 3.383e-02, Time: 1.62
It: 3899, Train Loss: 3.064e-02, Time: 1.60
It: 3999, Train Loss: 2.994e-02, Time: 1.59
It: 4099, Train Loss: 2.851e-02, Time: 1.60
It: 4199, Train Loss: 2.806e-02, Time: 1.59
It: 4299, Train Loss: 2.556e-02, Time: 1.60
It: 4399, Train Loss: 2.404e-02, Time: 1.59
It: 4499, Train Loss: 2.334e-02, Time: 1.59
It: 4599, Train Loss: 2.222e-02, Time: 1.59
It: 4699, Train Loss: 2.109e-02, Time: 1.59
It: 4799, Train Loss: 2.012e-02, Time: 1.59
It: 4899, Train Loss: 1.962e-02, Time: 1.59
It: 4999, Train Loss: 1.852e-02, Time: 1.64
Training time: 80.4773
Error u: 3.097287e-01
2.13.0
x shape: (256,), t shape: (100,), usol shape: (100, 256)
It: 99, Train Loss: 9.404e-02, Time: 1.90
It: 199, Train Loss: 7.141e-02, Time: 1.52
It: 299, Train Loss: 1.449e-01, Time: 1.52
It: 399, Train Loss: 5.769e-02, Time: 1.54
It: 499, Train Loss: 5.266e-02, Time: 1.53
It: 599, Train Loss: 4.235e-02, Time: 1.53
It: 699, Train Loss: 3.824e-02, Time: 1.52
It: 799, Train Loss: 3.843e-02, Time: 1.52
It: 899, Train Loss: 6.269e-02, Time: 1.53
It: 999, Train Loss: 2.171e-02, Time: 1.52
It: 1099, Train Loss: 1.669e-02, Time: 1.51
It: 1199, Train Loss: 1.246e-02, Time: 1.52
It: 1299, Train Loss: 1.744e-02, Time: 1.52
It: 1399, Train Loss: 1.173e-02, Time: 1.52
It: 1499, Train Loss: 1.676e-02, Time: 1.51
It: 1599, Train Loss: 9.491e-03, Time: 1.52
It: 1699, Train Loss: 7.152e-03, Time: 1.51
It: 1799, Train Loss: 7.300e-03, Time: 1.51
It: 1899, Train Loss: 6.355e-03, Time: 1.51
It: 1999, Train Loss: 6.116e-03, Time: 1.51
It: 2099, Train Loss: 5.789e-03, Time: 1.51
It: 2199, Train Loss: 5.478e-03, Time: 1.52
It: 2299, Train Loss: 5.233e-03, Time: 1.52
It: 2399, Train Loss: 5.256e-03, Time: 1.51
It: 2499, Train Loss: 1.199e-02, Time: 1.50
It: 2599, Train Loss: 8.842e-03, Time: 1.50
It: 2699, Train Loss: 1.504e-02, Time: 1.62
It: 2799, Train Loss: 4.495e-03, Time: 1.50
It: 2899, Train Loss: 4.122e-03, Time: 1.50
It: 2999, Train Loss: 3.992e-03, Time: 1.50
It: 3099, Train Loss: 3.936e-03, Time: 1.50
It: 3199, Train Loss: 5.270e-03, Time: 1.49
It: 3299, Train Loss: 3.582e-03, Time: 1.50
It: 3399, Train Loss: 3.496e-03, Time: 1.50
It: 3499, Train Loss: 4.788e-03, Time: 1.50
It: 3599, Train Loss: 3.242e-03, Time: 1.49
It: 3699, Train Loss: 3.171e-03, Time: 1.50
It: 3799, Train Loss: 3.042e-03, Time: 1.50
It: 3899, Train Loss: 2.981e-03, Time: 1.49
It: 3999, Train Loss: 2.881e-03, Time: 1.50
It: 4099, Train Loss: 2.828e-03, Time: 1.49
It: 4199, Train Loss: 2.744e-03, Time: 1.49
It: 4299, Train Loss: 2.718e-03, Time: 1.50
It: 4399, Train Loss: 2.627e-03, Time: 1.51
It: 4499, Train Loss: 2.562e-03, Time: 1.50
It: 4599, Train Loss: 2.523e-03, Time: 1.49
It: 4699, Train Loss: 2.457e-03, Time: 1.50
It: 4799, Train Loss: 3.464e-03, Time: 1.49
It: 4899, Train Loss: 2.324e-03, Time: 1.49
It: 4999, Train Loss: 2.566e-03, Time: 1.50
Training time: 75.9534
Error u: 1.886582e-01
2.13.0
x shape: (256,), t shape: (100,), usol shape: (100, 256)
It: 99, Train Loss: 1.088e-01, Time: 2.03
It: 199, Train Loss: 1.021e-01, Time: 1.65
It: 299, Train Loss: 8.710e-02, Time: 1.65
It: 399, Train Loss: 7.701e-02, Time: 1.63
It: 499, Train Loss: 1.113e-01, Time: 1.63
It: 599, Train Loss: 6.621e-02, Time: 1.64
It: 699, Train Loss: 6.344e-02, Time: 1.63
It: 799, Train Loss: 6.155e-02, Time: 1.64
It: 899, Train Loss: 6.014e-02, Time: 1.63
It: 999, Train Loss: 5.916e-02, Time: 1.63
It: 1099, Train Loss: 5.837e-02, Time: 1.64
It: 1199, Train Loss: 5.739e-02, Time: 1.63
It: 1299, Train Loss: 5.672e-02, Time: 1.64
It: 1399, Train Loss: 5.580e-02, Time: 1.63
It: 1499, Train Loss: 5.539e-02, Time: 1.65
It: 1599, Train Loss: 5.452e-02, Time: 1.64
It: 1699, Train Loss: 5.381e-02, Time: 1.64
It: 1799, Train Loss: 5.326e-02, Time: 1.66
It: 1899, Train Loss: 5.838e-02, Time: 1.64
It: 1999, Train Loss: 5.399e-02, Time: 1.64
It: 2099, Train Loss: 5.206e-02, Time: 1.64
It: 2199, Train Loss: 4.997e-02, Time: 1.64
It: 2299, Train Loss: 4.977e-02, Time: 1.64
It: 2399, Train Loss: 4.869e-02, Time: 1.64
It: 2499, Train Loss: 4.808e-02, Time: 1.65
It: 2599, Train Loss: 4.926e-02, Time: 1.65
It: 2699, Train Loss: 4.682e-02, Time: 1.64
It: 2799, Train Loss: 4.628e-02, Time: 1.63
It: 2899, Train Loss: 4.568e-02, Time: 1.62
It: 2999, Train Loss: 4.504e-02, Time: 1.76
It: 3099, Train Loss: 4.408e-02, Time: 1.64
It: 3199, Train Loss: 4.307e-02, Time: 1.63
It: 3299, Train Loss: 4.099e-02, Time: 1.63
It: 3399, Train Loss: 3.861e-02, Time: 1.64
It: 3499, Train Loss: 3.724e-02, Time: 1.66
It: 3599, Train Loss: 3.534e-02, Time: 1.64
It: 3699, Train Loss: 3.321e-02, Time: 1.64
It: 3799, Train Loss: 3.383e-02, Time: 1.64
It: 3899, Train Loss: 3.064e-02, Time: 1.63
It: 3999, Train Loss: 2.994e-02, Time: 1.64
It: 4099, Train Loss: 2.851e-02, Time: 1.63
It: 4199, Train Loss: 2.806e-02, Time: 1.63
It: 4299, Train Loss: 2.556e-02, Time: 1.63
It: 4399, Train Loss: 2.404e-02, Time: 1.64
It: 4499, Train Loss: 2.334e-02, Time: 1.63
It: 4599, Train Loss: 2.222e-02, Time: 1.63
It: 4699, Train Loss: 2.109e-02, Time: 1.63
It: 4799, Train Loss: 2.012e-02, Time: 1.63
It: 4899, Train Loss: 1.962e-02, Time: 1.63
It: 4999, Train Loss: 1.852e-02, Time: 1.63
It: 5099, Train Loss: 1.779e-02, Time: 1.63
It: 5199, Train Loss: 1.709e-02, Time: 1.63
It: 5299, Train Loss: 1.641e-02, Time: 1.64
It: 5399, Train Loss: 1.615e-02, Time: 1.64
It: 5499, Train Loss: 1.503e-02, Time: 1.62
It: 5599, Train Loss: 1.433e-02, Time: 1.62
It: 5699, Train Loss: 1.383e-02, Time: 1.63
It: 5799, Train Loss: 1.337e-02, Time: 1.63
It: 5899, Train Loss: 1.294e-02, Time: 1.63
It: 5999, Train Loss: 1.261e-02, Time: 1.61
It: 6099, Train Loss: 1.211e-02, Time: 1.61
It: 6199, Train Loss: 1.201e-02, Time: 1.63
It: 6299, Train Loss: 1.149e-02, Time: 1.61
It: 6399, Train Loss: 1.130e-02, Time: 1.60
It: 6499, Train Loss: 1.100e-02, Time: 1.61
It: 6599, Train Loss: 1.077e-02, Time: 1.61
It: 6699, Train Loss: 1.060e-02, Time: 1.60
It: 6799, Train Loss: 1.030e-02, Time: 1.61
It: 6899, Train Loss: 1.013e-02, Time: 1.61
It: 6999, Train Loss: 9.800e-03, Time: 1.60
It: 7099, Train Loss: 9.544e-03, Time: 1.60
It: 7199, Train Loss: 9.316e-03, Time: 1.60
It: 7299, Train Loss: 9.022e-03, Time: 1.60
It: 7399, Train Loss: 8.760e-03, Time: 1.61
It: 7499, Train Loss: 8.503e-03, Time: 1.60
It: 7599, Train Loss: 8.262e-03, Time: 1.61
It: 7699, Train Loss: 8.034e-03, Time: 1.64
It: 7799, Train Loss: 7.829e-03, Time: 1.61
It: 7899, Train Loss: 7.645e-03, Time: 1.61
It: 7999, Train Loss: 7.481e-03, Time: 1.61
It: 8099, Train Loss: 7.334e-03, Time: 1.61
It: 8199, Train Loss: 7.207e-03, Time: 1.61
It: 8299, Train Loss: 7.082e-03, Time: 1.60
It: 8399, Train Loss: 6.971e-03, Time: 1.61
It: 8499, Train Loss: 6.879e-03, Time: 1.61
It: 8599, Train Loss: 6.774e-03, Time: 1.61
It: 8699, Train Loss: 6.687e-03, Time: 1.61
It: 8799, Train Loss: 6.607e-03, Time: 1.61
It: 8899, Train Loss: 6.534e-03, Time: 1.61
It: 8999, Train Loss: 6.466e-03, Time: 1.61
It: 9099, Train Loss: 6.401e-03, Time: 1.61
It: 9199, Train Loss: 6.340e-03, Time: 1.61
It: 9299, Train Loss: 6.281e-03, Time: 1.61
It: 9399, Train Loss: 6.228e-03, Time: 1.61
It: 9499, Train Loss: 6.172e-03, Time: 1.62
It: 9599, Train Loss: 6.121e-03, Time: 1.61
It: 9699, Train Loss: 6.072e-03, Time: 1.68
It: 9799, Train Loss: 6.026e-03, Time: 1.63
It: 9899, Train Loss: 5.981e-03, Time: 1.61
It: 9999, Train Loss: 5.938e-03, Time: 1.67
Training time: 163.2030
Error u: 2.766996e-01
2.13.0
x shape: (256,), t shape: (100,), usol shape: (100, 256)
It: 99, Train Loss: 9.404e-02, Time: 1.92
It: 199, Train Loss: 7.141e-02, Time: 1.54
It: 299, Train Loss: 1.449e-01, Time: 1.53
It: 399, Train Loss: 5.769e-02, Time: 1.54
It: 499, Train Loss: 5.266e-02, Time: 1.53
It: 599, Train Loss: 4.235e-02, Time: 1.54
It: 699, Train Loss: 3.824e-02, Time: 1.53
It: 799, Train Loss: 3.843e-02, Time: 1.52
It: 899, Train Loss: 6.269e-02, Time: 1.52
It: 999, Train Loss: 2.171e-02, Time: 1.53
It: 1099, Train Loss: 1.669e-02, Time: 1.52
It: 1199, Train Loss: 1.246e-02, Time: 1.53
It: 1299, Train Loss: 1.744e-02, Time: 1.52
It: 1399, Train Loss: 1.173e-02, Time: 1.53
It: 1499, Train Loss: 1.676e-02, Time: 1.52
It: 1599, Train Loss: 9.491e-03, Time: 1.52
It: 1699, Train Loss: 7.152e-03, Time: 1.52
It: 1799, Train Loss: 7.300e-03, Time: 1.53
It: 1899, Train Loss: 6.355e-03, Time: 1.52
It: 1999, Train Loss: 6.116e-03, Time: 1.53
It: 2099, Train Loss: 5.789e-03, Time: 1.52
It: 2199, Train Loss: 5.478e-03, Time: 1.53
It: 2299, Train Loss: 5.233e-03, Time: 1.53
It: 2399, Train Loss: 5.256e-03, Time: 1.52
It: 2499, Train Loss: 1.199e-02, Time: 1.52
It: 2599, Train Loss: 8.842e-03, Time: 1.52
It: 2699, Train Loss: 1.504e-02, Time: 1.67
It: 2799, Train Loss: 4.495e-03, Time: 1.53
It: 2899, Train Loss: 4.122e-03, Time: 1.52
It: 2999, Train Loss: 3.992e-03, Time: 1.53
It: 3099, Train Loss: 3.936e-03, Time: 1.52
It: 3199, Train Loss: 5.270e-03, Time: 1.53
It: 3299, Train Loss: 3.582e-03, Time: 1.54
It: 3399, Train Loss: 3.496e-03, Time: 1.53
It: 3499, Train Loss: 4.788e-03, Time: 1.53
It: 3599, Train Loss: 3.242e-03, Time: 1.53
It: 3699, Train Loss: 3.171e-03, Time: 1.52
It: 3799, Train Loss: 3.042e-03, Time: 1.52
It: 3899, Train Loss: 2.981e-03, Time: 1.53
It: 3999, Train Loss: 2.881e-03, Time: 1.52
It: 4099, Train Loss: 2.828e-03, Time: 1.53
It: 4199, Train Loss: 2.744e-03, Time: 1.52
It: 4299, Train Loss: 2.718e-03, Time: 1.52
It: 4399, Train Loss: 2.627e-03, Time: 1.52
It: 4499, Train Loss: 2.562e-03, Time: 1.52
It: 4599, Train Loss: 2.523e-03, Time: 1.52
It: 4699, Train Loss: 2.457e-03, Time: 1.53
It: 4799, Train Loss: 3.464e-03, Time: 1.52
It: 4899, Train Loss: 2.324e-03, Time: 1.53
It: 4999, Train Loss: 2.566e-03, Time: 1.54
It: 5099, Train Loss: 2.040e-03, Time: 1.52
It: 5199, Train Loss: 4.042e-03, Time: 1.53
It: 5299, Train Loss: 1.888e-03, Time: 1.53
It: 5399, Train Loss: 1.813e-03, Time: 1.52
It: 5499, Train Loss: 1.753e-03, Time: 1.53
It: 5599, Train Loss: 1.709e-03, Time: 1.53
It: 5699, Train Loss: 1.663e-03, Time: 1.54
It: 5799, Train Loss: 1.622e-03, Time: 1.57
It: 5899, Train Loss: 1.595e-03, Time: 1.58
It: 5999, Train Loss: 1.551e-03, Time: 1.53
It: 6099, Train Loss: 1.517e-03, Time: 1.53
It: 6199, Train Loss: 1.602e-03, Time: 1.53
It: 6299, Train Loss: 1.457e-03, Time: 1.52
It: 6399, Train Loss: 1.428e-03, Time: 1.57
It: 6499, Train Loss: 1.399e-03, Time: 1.53
It: 6599, Train Loss: 1.418e-03, Time: 1.54
It: 6699, Train Loss: 1.345e-03, Time: 1.53
It: 6799, Train Loss: 1.318e-03, Time: 1.53
It: 6899, Train Loss: 1.291e-03, Time: 1.53
It: 6999, Train Loss: 1.263e-03, Time: 1.58
It: 7099, Train Loss: 1.235e-03, Time: 1.60
It: 7199, Train Loss: 1.205e-03, Time: 1.54
It: 7299, Train Loss: 1.177e-03, Time: 1.53
It: 7399, Train Loss: 1.148e-03, Time: 1.52
It: 7499, Train Loss: 1.121e-03, Time: 1.52
It: 7599, Train Loss: 1.095e-03, Time: 1.58
It: 7699, Train Loss: 1.072e-03, Time: 1.55
It: 7799, Train Loss: 1.051e-03, Time: 1.52
It: 7899, Train Loss: 1.032e-03, Time: 1.52
It: 7999, Train Loss: 1.014e-03, Time: 1.53
It: 8099, Train Loss: 9.966e-04, Time: 1.52
It: 8199, Train Loss: 9.805e-04, Time: 1.52
It: 8299, Train Loss: 9.652e-04, Time: 1.53
It: 8399, Train Loss: 9.508e-04, Time: 1.53
It: 8499, Train Loss: 9.369e-04, Time: 1.53
It: 8599, Train Loss: 9.236e-04, Time: 1.52
It: 8699, Train Loss: 9.109e-04, Time: 1.52
It: 8799, Train Loss: 8.986e-04, Time: 1.51
It: 8899, Train Loss: 8.868e-04, Time: 1.51
It: 8999, Train Loss: 8.754e-04, Time: 1.51
It: 9099, Train Loss: 8.644e-04, Time: 1.51
It: 9199, Train Loss: 8.538e-04, Time: 1.51
It: 9299, Train Loss: 8.434e-04, Time: 1.52
It: 9399, Train Loss: 8.334e-04, Time: 1.51
It: 9499, Train Loss: 8.237e-04, Time: 1.51
It: 9599, Train Loss: 8.143e-04, Time: 1.58
It: 9699, Train Loss: 8.051e-04, Time: 1.51
It: 9799, Train Loss: 7.962e-04, Time: 1.51
It: 9899, Train Loss: 7.875e-04, Time: 1.51
It: 9999, Train Loss: 7.790e-04, Time: 1.53
Training time: 153.5106
Error u: 1.865139e-01
2.13.0
x shape: (256,), t shape: (100,), usol shape: (100, 256)
It: 99, Train Loss: 1.087e-01, Time: 2.07
It: 199, Train Loss: 1.014e-01, Time: 1.72
It: 299, Train Loss: 8.563e-02, Time: 1.67
It: 399, Train Loss: 7.518e-02, Time: 1.70
It: 499, Train Loss: 6.985e-02, Time: 1.71
It: 599, Train Loss: 6.569e-02, Time: 1.70
It: 699, Train Loss: 6.252e-02, Time: 1.74
It: 799, Train Loss: 6.096e-02, Time: 1.71
It: 899, Train Loss: 5.925e-02, Time: 1.68
It: 999, Train Loss: 5.806e-02, Time: 1.70
It: 1099, Train Loss: 5.725e-02, Time: 1.72
It: 1199, Train Loss: 5.674e-02, Time: 1.69
It: 1299, Train Loss: 5.507e-02, Time: 1.68
It: 1399, Train Loss: 5.854e-02, Time: 1.70
It: 1499, Train Loss: 5.344e-02, Time: 1.70
It: 1599, Train Loss: 5.671e-02, Time: 1.69
It: 1699, Train Loss: 5.173e-02, Time: 1.69
It: 1799, Train Loss: 5.103e-02, Time: 1.67
It: 1899, Train Loss: 4.931e-02, Time: 1.70
It: 1999, Train Loss: 4.873e-02, Time: 1.69
It: 2099, Train Loss: 4.610e-02, Time: 1.66
It: 2199, Train Loss: 4.545e-02, Time: 1.71
It: 2299, Train Loss: 4.294e-02, Time: 1.66
It: 2399, Train Loss: 4.120e-02, Time: 1.73
It: 2499, Train Loss: 3.950e-02, Time: 1.70
It: 2599, Train Loss: 3.608e-02, Time: 1.65
It: 2699, Train Loss: 2.905e-02, Time: 1.62
It: 2799, Train Loss: 3.180e-02, Time: 1.63
It: 2899, Train Loss: 3.811e-02, Time: 1.63
It: 2999, Train Loss: 4.064e-02, Time: 1.74
It: 3099, Train Loss: 4.249e-02, Time: 1.67
It: 3199, Train Loss: 3.300e-02, Time: 1.65
It: 3299, Train Loss: 2.830e-02, Time: 1.65
It: 3399, Train Loss: 3.573e-02, Time: 1.61
It: 3499, Train Loss: 2.538e-02, Time: 1.60
It: 3599, Train Loss: 2.621e-02, Time: 1.59
It: 3699, Train Loss: 2.330e-02, Time: 1.60
It: 3799, Train Loss: 1.938e-02, Time: 1.59
It: 3899, Train Loss: 2.411e-02, Time: 1.59
It: 3999, Train Loss: 2.318e-02, Time: 1.60
It: 4099, Train Loss: 1.710e-02, Time: 1.59
It: 4199, Train Loss: 1.446e-02, Time: 1.58
It: 4299, Train Loss: 1.613e-02, Time: 1.54
It: 4399, Train Loss: 1.728e-02, Time: 1.54
It: 4499, Train Loss: 1.318e-02, Time: 1.54
It: 4599, Train Loss: 1.504e-02, Time: 1.61
It: 4699, Train Loss: 1.140e-02, Time: 1.66
It: 4799, Train Loss: 1.308e-02, Time: 1.55
It: 4899, Train Loss: 1.010e-02, Time: 1.56
It: 4999, Train Loss: 1.155e-02, Time: 1.55
It: 5099, Train Loss: 1.009e-02, Time: 1.55
It: 5199, Train Loss: 1.017e-02, Time: 1.55
It: 5299, Train Loss: 8.766e-03, Time: 1.55
It: 5399, Train Loss: 8.774e-03, Time: 1.56
It: 5499, Train Loss: 8.855e-03, Time: 1.55
It: 5599, Train Loss: 8.783e-03, Time: 1.64
It: 5699, Train Loss: 7.703e-03, Time: 1.66
It: 5799, Train Loss: 7.303e-03, Time: 1.66
It: 5899, Train Loss: 6.966e-03, Time: 1.65
It: 5999, Train Loss: 7.037e-03, Time: 1.66
It: 6099, Train Loss: 6.736e-03, Time: 1.56
It: 6199, Train Loss: 6.180e-03, Time: 1.55
It: 6299, Train Loss: 7.112e-03, Time: 1.55
It: 6399, Train Loss: 6.020e-03, Time: 1.55
It: 6499, Train Loss: 6.533e-03, Time: 1.56
It: 6599, Train Loss: 5.726e-03, Time: 1.57
It: 6699, Train Loss: 5.899e-03, Time: 1.62
It: 6799, Train Loss: 5.479e-03, Time: 1.56
It: 6899, Train Loss: 5.650e-03, Time: 1.65
It: 6999, Train Loss: 5.921e-03, Time: 1.57
It: 7099, Train Loss: 5.294e-03, Time: 1.54
It: 7199, Train Loss: 5.259e-03, Time: 1.55
It: 7299, Train Loss: 5.032e-03, Time: 1.55
It: 7399, Train Loss: 4.641e-03, Time: 1.55
It: 7499, Train Loss: 5.011e-03, Time: 1.60
It: 7599, Train Loss: 7.187e-03, Time: 1.55
It: 7699, Train Loss: 4.483e-03, Time: 1.58
It: 7799, Train Loss: 4.492e-03, Time: 1.54
It: 7899, Train Loss: 4.671e-03, Time: 1.56
It: 7999, Train Loss: 4.490e-03, Time: 1.57
It: 8099, Train Loss: 3.806e-03, Time: 1.58
It: 8199, Train Loss: 4.249e-03, Time: 1.61
It: 8299, Train Loss: 2.991e-03, Time: 1.61
It: 8399, Train Loss: 3.019e-03, Time: 1.64
It: 8499, Train Loss: 2.979e-03, Time: 1.62
It: 8599, Train Loss: 2.912e-03, Time: 1.65
It: 8699, Train Loss: 2.880e-03, Time: 1.64
It: 8799, Train Loss: 2.747e-03, Time: 1.64
It: 8899, Train Loss: 3.239e-03, Time: 1.63
It: 8999, Train Loss: 2.716e-03, Time: 1.62
It: 9099, Train Loss: 2.873e-03, Time: 1.66
It: 9199, Train Loss: 2.628e-03, Time: 1.67
It: 9299, Train Loss: 2.571e-03, Time: 1.63
It: 9399, Train Loss: 2.663e-03, Time: 1.62
It: 9499, Train Loss: 2.541e-03, Time: 1.62
It: 9599, Train Loss: 2.468e-03, Time: 1.65
It: 9699, Train Loss: 2.543e-03, Time: 1.67
It: 9799, Train Loss: 2.446e-03, Time: 1.63
It: 9899, Train Loss: 2.512e-03, Time: 1.63
It: 9999, Train Loss: 2.423e-03, Time: 1.67
Training time: 163.0351
Error u: 2.229771e-01
2.13.0
x shape: (256,), t shape: (100,), usol shape: (100, 256)
It: 99, Train Loss: 9.365e-02, Time: 1.91
It: 199, Train Loss: 7.080e-02, Time: 1.52
It: 299, Train Loss: 6.434e-02, Time: 1.52
It: 399, Train Loss: 9.482e-02, Time: 1.54
It: 499, Train Loss: 5.199e-02, Time: 1.53
It: 599, Train Loss: 4.185e-02, Time: 1.53
It: 699, Train Loss: 4.709e-02, Time: 1.52
It: 799, Train Loss: 3.237e-02, Time: 1.52
It: 899, Train Loss: 3.131e-02, Time: 1.52
It: 999, Train Loss: 3.408e-02, Time: 1.53
It: 1099, Train Loss: 2.266e-02, Time: 1.52
It: 1199, Train Loss: 1.551e-02, Time: 1.52
It: 1299, Train Loss: 1.005e-02, Time: 1.51
It: 1399, Train Loss: 1.068e-02, Time: 1.52
It: 1499, Train Loss: 1.398e-02, Time: 1.53
It: 1599, Train Loss: 1.373e-02, Time: 1.53
It: 1699, Train Loss: 1.391e-02, Time: 1.52
It: 1799, Train Loss: 6.583e-03, Time: 1.51
It: 1899, Train Loss: 8.301e-03, Time: 1.51
It: 1999, Train Loss: 1.947e-02, Time: 1.50
It: 2099, Train Loss: 5.218e-03, Time: 1.50
It: 2199, Train Loss: 2.931e-02, Time: 1.50
It: 2299, Train Loss: 7.395e-03, Time: 1.51
It: 2399, Train Loss: 1.378e-02, Time: 1.51
It: 2499, Train Loss: 5.989e-03, Time: 1.50
It: 2599, Train Loss: 1.022e-02, Time: 1.49
It: 2699, Train Loss: 6.751e-03, Time: 1.61
It: 2799, Train Loss: 3.707e-03, Time: 1.49
It: 2899, Train Loss: 7.827e-03, Time: 1.50
It: 2999, Train Loss: 7.994e-03, Time: 1.49
It: 3099, Train Loss: 1.327e-02, Time: 1.51
It: 3199, Train Loss: 4.238e-03, Time: 1.50
It: 3299, Train Loss: 5.721e-03, Time: 1.49
It: 3399, Train Loss: 4.929e-03, Time: 1.50
It: 3499, Train Loss: 3.628e-03, Time: 1.49
It: 3599, Train Loss: 3.861e-03, Time: 1.49
It: 3699, Train Loss: 3.173e-03, Time: 1.99
It: 3799, Train Loss: 2.840e-03, Time: 1.49
It: 3899, Train Loss: 2.175e-03, Time: 1.49
It: 3999, Train Loss: 2.687e-03, Time: 1.49
It: 4099, Train Loss: 4.563e-03, Time: 1.50
It: 4199, Train Loss: 4.882e-03, Time: 1.49
It: 4299, Train Loss: 3.986e-03, Time: 1.49
It: 4399, Train Loss: 1.627e-03, Time: 1.50
It: 4499, Train Loss: 1.638e-03, Time: 1.48
It: 4599, Train Loss: 1.151e-03, Time: 1.50
It: 4699, Train Loss: 1.780e-03, Time: 1.48
It: 4799, Train Loss: 1.801e-03, Time: 1.48
It: 4899, Train Loss: 1.076e-03, Time: 1.49
It: 4999, Train Loss: 2.054e-03, Time: 1.49
It: 5099, Train Loss: 1.431e-03, Time: 1.50
It: 5199, Train Loss: 1.057e-03, Time: 1.47
It: 5299, Train Loss: 5.172e-03, Time: 1.47
It: 5399, Train Loss: 1.728e-03, Time: 1.48
It: 5499, Train Loss: 1.981e-03, Time: 1.48
It: 5599, Train Loss: 2.592e-03, Time: 1.48
It: 5699, Train Loss: 1.064e-03, Time: 1.49
It: 5799, Train Loss: 4.178e-03, Time: 1.48
It: 5899, Train Loss: 4.731e-03, Time: 1.47
It: 5999, Train Loss: 1.133e-02, Time: 1.48
It: 6099, Train Loss: 9.061e-03, Time: 1.48
It: 6199, Train Loss: 5.880e-03, Time: 1.48
It: 6299, Train Loss: 5.897e-03, Time: 1.48
It: 6399, Train Loss: 6.815e-04, Time: 1.48
It: 6499, Train Loss: 6.798e-04, Time: 1.47
It: 6599, Train Loss: 2.063e-03, Time: 1.48
It: 6699, Train Loss: 9.544e-04, Time: 1.48
It: 6799, Train Loss: 9.457e-04, Time: 1.47
It: 6899, Train Loss: 1.978e-03, Time: 1.47
It: 6999, Train Loss: 7.257e-04, Time: 1.47
It: 7099, Train Loss: 5.807e-04, Time: 1.48
It: 7199, Train Loss: 7.339e-04, Time: 1.48
It: 7299, Train Loss: 7.673e-04, Time: 1.47
It: 7399, Train Loss: 6.853e-04, Time: 1.47
It: 7499, Train Loss: 5.315e-04, Time: 1.48
It: 7599, Train Loss: 1.469e-03, Time: 1.48
It: 7699, Train Loss: 8.173e-04, Time: 1.48
It: 7799, Train Loss: 6.425e-04, Time: 1.47
It: 7899, Train Loss: 1.133e-03, Time: 1.47
It: 7999, Train Loss: 4.498e-04, Time: 1.47
It: 8099, Train Loss: 1.120e-03, Time: 1.47
It: 8199, Train Loss: 1.625e-03, Time: 1.47
It: 8299, Train Loss: 9.798e-04, Time: 1.47
It: 8399, Train Loss: 4.259e-04, Time: 1.50
It: 8499, Train Loss: 4.309e-04, Time: 1.48
It: 8599, Train Loss: 5.227e-04, Time: 1.48
It: 8699, Train Loss: 4.729e-04, Time: 1.47
It: 8799, Train Loss: 6.404e-04, Time: 1.47
It: 8899, Train Loss: 7.928e-04, Time: 1.47
It: 8999, Train Loss: 5.536e-04, Time: 1.49
It: 9099, Train Loss: 7.636e-04, Time: 1.48
It: 9199, Train Loss: 3.703e-04, Time: 1.48
It: 9299, Train Loss: 4.199e-04, Time: 1.48
It: 9399, Train Loss: 9.969e-04, Time: 1.48
It: 9499, Train Loss: 3.453e-04, Time: 1.48
It: 9599, Train Loss: 3.542e-04, Time: 1.48
It: 9699, Train Loss: 4.338e-04, Time: 1.48
It: 9799, Train Loss: 1.646e-03, Time: 1.48
It: 9899, Train Loss: 9.240e-04, Time: 1.48
It: 9999, Train Loss: 3.303e-04, Time: 1.48
Training time: 150.1818
Error u: 1.073847e-01
2.13.0
x shape: (256,), t shape: (100,), usol shape: (100, 256)
It: 99, Train Loss: 7.881e-02, Time: 1.85
It: 199, Train Loss: 7.539e-02, Time: 1.49
It: 299, Train Loss: 7.372e-02, Time: 1.48
It: 399, Train Loss: 7.276e-02, Time: 1.49
It: 499, Train Loss: 7.239e-02, Time: 1.48
It: 599, Train Loss: 7.206e-02, Time: 1.48
It: 699, Train Loss: 7.170e-02, Time: 1.48
It: 799, Train Loss: 7.153e-02, Time: 1.48
It: 899, Train Loss: 7.120e-02, Time: 1.47
It: 999, Train Loss: 7.092e-02, Time: 1.47
It: 1099, Train Loss: 7.057e-02, Time: 1.47
It: 1199, Train Loss: 6.915e-02, Time: 1.46
It: 1299, Train Loss: 6.332e-02, Time: 1.46
It: 1399, Train Loss: 5.709e-02, Time: 1.47
It: 1499, Train Loss: 5.457e-02, Time: 1.47
It: 1599, Train Loss: 5.339e-02, Time: 1.47
It: 1699, Train Loss: 5.225e-02, Time: 1.46
It: 1799, Train Loss: 5.178e-02, Time: 1.47
It: 1899, Train Loss: 5.150e-02, Time: 1.47
It: 1999, Train Loss: 5.085e-02, Time: 1.47
It: 2099, Train Loss: 5.028e-02, Time: 1.48
It: 2199, Train Loss: 5.139e-02, Time: 1.47
It: 2299, Train Loss: 4.934e-02, Time: 1.47
It: 2399, Train Loss: 4.797e-02, Time: 1.47
It: 2499, Train Loss: 4.680e-02, Time: 1.47
It: 2599, Train Loss: 4.601e-02, Time: 1.47
It: 2699, Train Loss: 4.535e-02, Time: 1.58
It: 2799, Train Loss: 4.455e-02, Time: 1.47
It: 2899, Train Loss: 4.409e-02, Time: 1.47
It: 2999, Train Loss: 4.276e-02, Time: 1.47
It: 3099, Train Loss: 4.128e-02, Time: 1.47
It: 3199, Train Loss: 4.008e-02, Time: 1.46
It: 3299, Train Loss: 3.947e-02, Time: 1.47
It: 3399, Train Loss: 3.926e-02, Time: 1.47
It: 3499, Train Loss: 3.897e-02, Time: 1.47
It: 3599, Train Loss: 3.880e-02, Time: 1.47
It: 3699, Train Loss: 3.859e-02, Time: 1.46
It: 3799, Train Loss: 3.846e-02, Time: 1.46
It: 3899, Train Loss: 3.839e-02, Time: 1.46
It: 3999, Train Loss: 3.818e-02, Time: 1.47
It: 4099, Train Loss: 3.808e-02, Time: 1.46
It: 4199, Train Loss: 3.796e-02, Time: 1.46
It: 4299, Train Loss: 3.787e-02, Time: 1.46
It: 4399, Train Loss: 3.774e-02, Time: 1.45
It: 4499, Train Loss: 3.764e-02, Time: 1.46
It: 4599, Train Loss: 3.754e-02, Time: 1.45
It: 4699, Train Loss: 3.743e-02, Time: 1.45
It: 4799, Train Loss: 3.732e-02, Time: 1.45
It: 4899, Train Loss: 3.722e-02, Time: 1.50
It: 4999, Train Loss: 3.712e-02, Time: 1.54
Training time: 74.0293
Error u: 1.665414e+00
2.13.0
x shape: (256,), t shape: (100,), usol shape: (100, 256)
It: 99, Train Loss: 8.980e-02, Time: 1.90
It: 199, Train Loss: 6.154e-02, Time: 1.52
It: 299, Train Loss: 5.120e-02, Time: 1.51
It: 399, Train Loss: 4.677e-02, Time: 1.52
It: 499, Train Loss: 4.401e-02, Time: 1.51
It: 599, Train Loss: 4.260e-02, Time: 1.51
It: 699, Train Loss: 4.147e-02, Time: 1.51
It: 799, Train Loss: 4.220e-02, Time: 1.51
It: 899, Train Loss: 3.698e-02, Time: 1.51
It: 999, Train Loss: 3.615e-02, Time: 1.50
It: 1099, Train Loss: 3.541e-02, Time: 1.51
It: 1199, Train Loss: 3.389e-02, Time: 1.51
It: 1299, Train Loss: 3.636e-02, Time: 1.50
It: 1399, Train Loss: 3.537e-02, Time: 1.50
It: 1499, Train Loss: 2.993e-02, Time: 1.49
It: 1599, Train Loss: 3.338e-02, Time: 1.49
It: 1699, Train Loss: 3.731e-02, Time: 1.50
It: 1799, Train Loss: 2.815e-02, Time: 1.49
It: 1899, Train Loss: 3.484e-02, Time: 1.50
It: 1999, Train Loss: 2.424e-02, Time: 1.50
It: 2099, Train Loss: 3.034e-02, Time: 1.49
It: 2199, Train Loss: 2.138e-02, Time: 1.49
It: 2299, Train Loss: 1.692e-02, Time: 1.50
It: 2399, Train Loss: 2.849e-02, Time: 1.49
It: 2499, Train Loss: 1.317e-02, Time: 1.49
It: 2599, Train Loss: 1.313e-02, Time: 1.49
It: 2699, Train Loss: 1.105e-02, Time: 1.61
It: 2799, Train Loss: 9.942e-03, Time: 1.50
It: 2899, Train Loss: 1.000e-02, Time: 1.49
It: 2999, Train Loss: 8.673e-03, Time: 1.49
It: 3099, Train Loss: 8.963e-03, Time: 1.49
It: 3199, Train Loss: 7.237e-03, Time: 1.49
It: 3299, Train Loss: 6.800e-03, Time: 1.49
It: 3399, Train Loss: 6.397e-03, Time: 1.50
It: 3499, Train Loss: 6.042e-03, Time: 1.50
It: 3599, Train Loss: 5.783e-03, Time: 1.49
It: 3699, Train Loss: 5.619e-03, Time: 1.49
It: 3799, Train Loss: 5.365e-03, Time: 1.48
It: 3899, Train Loss: 5.238e-03, Time: 1.48
It: 3999, Train Loss: 5.447e-03, Time: 1.49
It: 4099, Train Loss: 4.951e-03, Time: 1.49
It: 4199, Train Loss: 5.013e-03, Time: 1.49
It: 4299, Train Loss: 4.647e-03, Time: 1.50
It: 4399, Train Loss: 4.365e-03, Time: 1.48
It: 4499, Train Loss: 4.234e-03, Time: 1.48
It: 4599, Train Loss: 4.079e-03, Time: 1.47
It: 4699, Train Loss: 4.046e-03, Time: 1.48
It: 4799, Train Loss: 3.911e-03, Time: 1.48
It: 4899, Train Loss: 3.837e-03, Time: 1.48
It: 4999, Train Loss: 3.787e-03, Time: 1.48
Training time: 75.2800
Error u: 1.088269e-01
2.13.0
x shape: (256,), t shape: (100,), usol shape: (100, 256)
It: 99, Train Loss: 8.980e-02, Time: 1.89
It: 199, Train Loss: 6.154e-02, Time: 1.51
It: 299, Train Loss: 5.120e-02, Time: 1.52
It: 399, Train Loss: 4.677e-02, Time: 1.52
It: 499, Train Loss: 4.401e-02, Time: 1.52
It: 599, Train Loss: 4.260e-02, Time: 1.52
It: 699, Train Loss: 4.147e-02, Time: 1.51
It: 799, Train Loss: 4.220e-02, Time: 1.51
It: 899, Train Loss: 3.698e-02, Time: 1.52
It: 999, Train Loss: 3.615e-02, Time: 1.50
It: 1099, Train Loss: 3.541e-02, Time: 1.49
It: 1199, Train Loss: 3.389e-02, Time: 1.49
It: 1299, Train Loss: 3.636e-02, Time: 1.49
It: 1399, Train Loss: 3.537e-02, Time: 1.49
It: 1499, Train Loss: 2.993e-02, Time: 1.50
It: 1599, Train Loss: 3.338e-02, Time: 1.49
It: 1699, Train Loss: 3.731e-02, Time: 1.49
It: 1799, Train Loss: 2.815e-02, Time: 1.49
It: 1899, Train Loss: 3.484e-02, Time: 1.49
It: 1999, Train Loss: 2.424e-02, Time: 1.49
It: 2099, Train Loss: 3.034e-02, Time: 1.50
It: 2199, Train Loss: 2.138e-02, Time: 1.49
It: 2299, Train Loss: 1.692e-02, Time: 1.49
It: 2399, Train Loss: 2.849e-02, Time: 1.49
It: 2499, Train Loss: 1.317e-02, Time: 1.49
It: 2599, Train Loss: 1.313e-02, Time: 1.49
It: 2699, Train Loss: 1.105e-02, Time: 1.60
It: 2799, Train Loss: 9.942e-03, Time: 1.49
It: 2899, Train Loss: 1.000e-02, Time: 1.49
It: 2999, Train Loss: 8.673e-03, Time: 1.49
It: 3099, Train Loss: 8.963e-03, Time: 1.49
It: 3199, Train Loss: 7.237e-03, Time: 1.50
It: 3299, Train Loss: 6.800e-03, Time: 1.49
It: 3399, Train Loss: 6.397e-03, Time: 1.51
It: 3499, Train Loss: 6.042e-03, Time: 1.49
It: 3599, Train Loss: 5.783e-03, Time: 1.49
It: 3699, Train Loss: 5.619e-03, Time: 1.49
It: 3799, Train Loss: 5.365e-03, Time: 1.48
It: 3899, Train Loss: 5.238e-03, Time: 1.49
It: 3999, Train Loss: 5.447e-03, Time: 1.49
It: 4099, Train Loss: 4.951e-03, Time: 1.49
It: 4199, Train Loss: 5.013e-03, Time: 1.49
It: 4299, Train Loss: 4.647e-03, Time: 1.49
It: 4399, Train Loss: 4.365e-03, Time: 1.48
It: 4499, Train Loss: 4.234e-03, Time: 1.48
It: 4599, Train Loss: 4.079e-03, Time: 1.48
It: 4699, Train Loss: 4.046e-03, Time: 1.48
It: 4799, Train Loss: 3.911e-03, Time: 1.48
It: 4899, Train Loss: 3.837e-03, Time: 1.48
It: 4999, Train Loss: 3.787e-03, Time: 1.47
It: 5099, Train Loss: 3.720e-03, Time: 1.48
It: 5199, Train Loss: 3.666e-03, Time: 1.48
It: 5299, Train Loss: 3.625e-03, Time: 1.48
It: 5399, Train Loss: 3.576e-03, Time: 1.48
It: 5499, Train Loss: 3.533e-03, Time: 1.47
It: 5599, Train Loss: 3.493e-03, Time: 1.47
It: 5699, Train Loss: 3.461e-03, Time: 1.48
It: 5799, Train Loss: 3.423e-03, Time: 1.48
It: 5899, Train Loss: 3.390e-03, Time: 1.48
It: 5999, Train Loss: 3.454e-03, Time: 1.48
It: 6099, Train Loss: 3.331e-03, Time: 1.49
It: 6199, Train Loss: 3.302e-03, Time: 1.48
It: 6299, Train Loss: 3.280e-03, Time: 1.47
It: 6399, Train Loss: 3.252e-03, Time: 1.48
It: 6499, Train Loss: 3.227e-03, Time: 1.48
It: 6599, Train Loss: 3.209e-03, Time: 1.48
It: 6699, Train Loss: 3.183e-03, Time: 1.48
It: 6799, Train Loss: 3.163e-03, Time: 1.48
It: 6899, Train Loss: 3.188e-03, Time: 1.48
It: 6999, Train Loss: 3.125e-03, Time: 1.48
It: 7099, Train Loss: 3.107e-03, Time: 1.47
It: 7199, Train Loss: 3.225e-03, Time: 1.47
It: 7299, Train Loss: 3.074e-03, Time: 1.47
It: 7399, Train Loss: 3.059e-03, Time: 1.48
It: 7499, Train Loss: 3.066e-03, Time: 1.48
Training time: 112.1274
Error u: 1.026625e-01
